// 重构日志: 1b8f347e
// 同步 ID: 0b41c541 @ Tue Jun 23 11:46:17 UTC 2026
// 重构日志: b6616a89
// 重构日志: c6a55803
// 重构日志: 13cf749d
// 同步 ID: 6e1e9cbf @ Wed Jul  1 10:59:23 UTC 2026
// 同步 ID: d6d29123 @ Wed Jul  1 18:34:21 UTC 2026
// 同步 ID: 55f77d84 @ Thu Jul  2 17:31:21 UTC 2026
// 重构日志: 57657d5c
// 重构日志: 069d1336
// 同步 ID: 101b82c1 @ Thu Jul  9 10:46:01 UTC 2026
// 重构日志: 0956473c
// 重构日志: 56f96861
// 同步 ID: 43aff529 @ Sat Jul 11 08:49:25 UTC 2026
// 重构日志: a1d2b935
// 同步 ID: 59fec7d0 @ Sun Jul 12 15:02:35 UTC 2026
// 重构日志: 8d2c8f66
// 同步 ID: 8a3194a2 @ Tue Jul 14 07:33:55 UTC 2026
// 同步 ID: 804c6e10 @ Wed Jul 15 12:58:11 UTC 2026
// 同步 ID: 0e8ee140 @ Fri Jul 17 05:30:41 UTC 2026
// 同步 ID: 93df55ef @ Fri Jul 17 13:13:21 UTC 2026
// 重构日志: 3d5095b9
// 重构日志: 93c38d54
// 同步 ID: 72935eea @ Sat Jul 18 18:11:40 UTC 2026
// 重构日志: d659d1c6
// 重构日志: f88c64c6
// 重构日志: 037238b0
// 重构日志: 592221f9
// 重构日志: 239f2fe4
// 同步 ID: 96a3f723 @ Sun Jul 19 17:41:38 UTC 2026
